[2023-03-3116:53:27] [ DEBUG] [OdontologoServiceTest:24] CREANDO UN ODONTOLOGO DESDE EL TEST
[2023-03-3116:53:27] [ DEBUG] [OdontologoService:38] CREANDO ODONTOLOGO....
[2023-03-3117:05:57] [ DEBUG] [OdontologoService:95] MOSTRANDO TODOS LOS ODONTOLOGOS
[2023-03-3117:06:51] [ DEBUG] [OdontologoService:46] BUSCANDO ODONTOLOGO CON ID: 11
[2023-03-3117:44:16] [ DEBUG] [OdontologoService:79] ELIMINADO ODONTOLOGO CON ID: 10
[2023-03-3117:44:32] [ DEBUG] [OdontologoService:95] MOSTRANDO TODOS LOS ODONTOLOGOS
[2023-03-3117:45:18] [ DEBUG] [OdontologoService:79] ELIMINADO ODONTOLOGO CON ID: 5
[2023-03-3117:45:27] [ DEBUG] [OdontologoService:95] MOSTRANDO TODOS LOS ODONTOLOGOS
[2023-03-3117:46:16] [ DEBUG] [OdontologoService:46] BUSCANDO ODONTOLOGO CON ID: 5
[2023-03-3117:49:00] [ DEBUG] [OdontologoService:38] CREANDO ODONTOLOGO....
[2023-03-3117:49:16] [ DEBUG] [OdontologoService:95] MOSTRANDO TODOS LOS ODONTOLOGOS
[2023-03-3117:52:47] [ DEBUG] [OdontologoService:66] MODIFICANDO ODONTOLOGO
[2023-03-3117:52:47] [ DEBUG] [OdontologoService:56] GGUARDANO UN ODONTOLOGO
[2023-03-3117:53:00] [ DEBUG] [OdontologoService:95] MOSTRANDO TODOS LOS ODONTOLOGOS
[2023-03-3117:53:20] [ DEBUG] [OdontologoService:95] MOSTRANDO TODOS LOS ODONTOLOGOS
[2023-03-3117:53:55] [ DEBUG] [OdontologoService:95] MOSTRANDO TODOS LOS ODONTOLOGOS
[2023-03-3117:54:13] [ DEBUG] [OdontologoService:95] MOSTRANDO TODOS LOS ODONTOLOGOS
[2023-03-3119:03:09] [ DEBUG] [PacienteService:92] Listando todos los pacientes
[2023-03-3119:04:54] [ DEBUG] [PacienteService:76] Eliminando el paciente con id: 14
[2023-03-3119:05:09] [ DEBUG] [PacienteService:92] Listando todos los pacientes
[2023-03-3119:05:57] [ DEBUG] [PacienteService:66] MODOFICANDO UN PACIENTE
[2023-03-3119:05:57] [ DEBUG] [PacienteService:55] GUARDANDO UN PACIENTE
[2023-03-3119:06:06] [ DEBUG] [PacienteService:92] Listando todos los pacientes
[2023-03-3119:06:53] [ DEBUG] [PacienteService:66] MODOFICANDO UN PACIENTE
[2023-03-3119:06:53] [ DEBUG] [PacienteService:55] GUARDANDO UN PACIENTE
[2023-03-3119:07:00] [ DEBUG] [PacienteService:92] Listando todos los pacientes
[2023-03-3119:07:36] [ DEBUG] [PacienteService:92] Listando todos los pacientes
[2023-03-3119:09:10] [ DEBUG] [PacienteService:37] CREANDO UN PACIENTE....
[2023-03-3119:09:10] [ DEBUG] [PacienteService:55] GUARDANDO UN PACIENTE
[2023-03-3119:09:18] [ DEBUG] [PacienteService:45] BUSCANDO PACIENTE CON ID: 15
[2023-04-0120:15:20] [ DEBUG] [OdontologoService:95] MOSTRANDO TODOS LOS ODONTOLOGOS
[2023-04-0120:15:33] [ DEBUG] [OdontologoService:95] MOSTRANDO TODOS LOS ODONTOLOGOS
[2023-04-0120:15:37] [ DEBUG] [OdontologoService:95] MOSTRANDO TODOS LOS ODONTOLOGOS
[2023-04-0120:15:38] [ DEBUG] [OdontologoService:95] MOSTRANDO TODOS LOS ODONTOLOGOS
[2023-04-0120:15:39] [ DEBUG] [OdontologoService:95] MOSTRANDO TODOS LOS ODONTOLOGOS
[2023-04-0120:15:40] [ DEBUG] [OdontologoService:95] MOSTRANDO TODOS LOS ODONTOLOGOS
[2023-04-0120:19:50] [ DEBUG] [OdontologoService:95] MOSTRANDO TODOS LOS ODONTOLOGOS
[2023-04-0120:19:52] [ DEBUG] [OdontologoService:95] MOSTRANDO TODOS LOS ODONTOLOGOS
[2023-04-0120:19:53] [ DEBUG] [OdontologoService:95] MOSTRANDO TODOS LOS ODONTOLOGOS
[2023-04-0120:19:54] [ DEBUG] [OdontologoService:95] MOSTRANDO TODOS LOS ODONTOLOGOS
[2023-04-0120:19:59] [ DEBUG] [OdontologoService:95] MOSTRANDO TODOS LOS ODONTOLOGOS
[2023-04-0120:20:24] [ DEBUG] [OdontologoService:95] MOSTRANDO TODOS LOS ODONTOLOGOS
[2023-04-0120:20:25] [ DEBUG] [OdontologoService:95] MOSTRANDO TODOS LOS ODONTOLOGOS
[2023-04-0120:20:33] [ DEBUG] [OdontologoService:95] MOSTRANDO TODOS LOS ODONTOLOGOS
[2023-04-0120:20:40] [ DEBUG] [OdontologoService:95] MOSTRANDO TODOS LOS ODONTOLOGOS
[2023-04-0120:27:39] [ DEBUG] [OdontologoService:95] MOSTRANDO TODOS LOS ODONTOLOGOS
[2023-04-0120:28:01] [ DEBUG] [OdontologoService:95] MOSTRANDO TODOS LOS ODONTOLOGOS
[2023-04-0120:28:14] [ DEBUG] [OdontologoService:95] MOSTRANDO TODOS LOS ODONTOLOGOS
[2023-04-0120:31:52] [ DEBUG] [OdontologoService:95] MOSTRANDO TODOS LOS ODONTOLOGOS
[2023-04-0120:40:17] [ DEBUG] [OdontologoService:95] MOSTRANDO TODOS LOS ODONTOLOGOS
[2023-04-0120:40:19] [ DEBUG] [OdontologoService:95] MOSTRANDO TODOS LOS ODONTOLOGOS
[2023-04-0120:40:23] [ DEBUG] [OdontologoService:95] MOSTRANDO TODOS LOS ODONTOLOGOS
[2023-04-0120:40:26] [ DEBUG] [OdontologoService:95] MOSTRANDO TODOS LOS ODONTOLOGOS
[2023-04-0120:40:36] [ DEBUG] [OdontologoService:95] MOSTRANDO TODOS LOS ODONTOLOGOS
[2023-04-0120:40:40] [ DEBUG] [OdontologoService:95] MOSTRANDO TODOS LOS ODONTOLOGOS
[2023-04-0120:40:44] [ DEBUG] [OdontologoService:95] MOSTRANDO TODOS LOS ODONTOLOGOS
[2023-04-0120:40:54] [ DEBUG] [OdontologoService:95] MOSTRANDO TODOS LOS ODONTOLOGOS
[2023-04-0120:40:58] [ DEBUG] [OdontologoService:95] MOSTRANDO TODOS LOS ODONTOLOGOS
[2023-04-0120:41:42] [ DEBUG] [OdontologoService:95] MOSTRANDO TODOS LOS ODONTOLOGOS
[2023-04-0120:41:44] [ DEBUG] [OdontologoService:95] MOSTRANDO TODOS LOS ODONTOLOGOS
[2023-04-0120:41:46] [ DEBUG] [OdontologoService:95] MOSTRANDO TODOS LOS ODONTOLOGOS
[2023-04-0120:41:52] [ DEBUG] [OdontologoService:95] MOSTRANDO TODOS LOS ODONTOLOGOS
[2023-04-0120:41:53] [ DEBUG] [OdontologoService:95] MOSTRANDO TODOS LOS ODONTOLOGOS
[2023-04-0120:41:56] [ DEBUG] [OdontologoService:95] MOSTRANDO TODOS LOS ODONTOLOGOS
[2023-04-0120:42:01] [ DEBUG] [OdontologoService:95] MOSTRANDO TODOS LOS ODONTOLOGOS
[2023-04-0120:42:03] [ DEBUG] [OdontologoService:95] MOSTRANDO TODOS LOS ODONTOLOGOS
[2023-04-0120:42:13] [ DEBUG] [OdontologoService:95] MOSTRANDO TODOS LOS ODONTOLOGOS
[2023-04-0120:42:17] [ DEBUG] [OdontologoService:95] MOSTRANDO TODOS LOS ODONTOLOGOS
[2023-04-0120:42:21] [ DEBUG] [OdontologoService:95] MOSTRANDO TODOS LOS ODONTOLOGOS
[2023-04-0120:42:37] [ DEBUG] [OdontologoService:95] MOSTRANDO TODOS LOS ODONTOLOGOS
[2023-04-0120:42:43] [ DEBUG] [OdontologoService:95] MOSTRANDO TODOS LOS ODONTOLOGOS
[2023-04-0120:43:50] [ DEBUG] [OdontologoService:95] MOSTRANDO TODOS LOS ODONTOLOGOS
[2023-04-0120:44:02] [ DEBUG] [OdontologoService:95] MOSTRANDO TODOS LOS ODONTOLOGOS
[2023-04-0120:44:07] [ DEBUG] [OdontologoService:95] MOSTRANDO TODOS LOS ODONTOLOGOS
[2023-04-0120:44:12] [ DEBUG] [OdontologoService:95] MOSTRANDO TODOS LOS ODONTOLOGOS
[2023-04-0120:44:17] [ DEBUG] [OdontologoService:95] MOSTRANDO TODOS LOS ODONTOLOGOS
[2023-04-0120:46:04] [ DEBUG] [OdontologoService:95] MOSTRANDO TODOS LOS ODONTOLOGOS
[2023-04-0120:46:11] [ DEBUG] [OdontologoService:95] MOSTRANDO TODOS LOS ODONTOLOGOS
[2023-04-0120:46:16] [ DEBUG] [OdontologoService:95] MOSTRANDO TODOS LOS ODONTOLOGOS
[2023-04-0120:46:19] [ DEBUG] [OdontologoService:95] MOSTRANDO TODOS LOS ODONTOLOGOS
[2023-04-0121:06:32] [ DEBUG] [OdontologoService:95] MOSTRANDO TODOS LOS ODONTOLOGOS
[2023-04-0121:12:42] [ DEBUG] [OdontologoService:95] MOSTRANDO TODOS LOS ODONTOLOGOS
[2023-04-0121:12:46] [ DEBUG] [OdontologoService:95] MOSTRANDO TODOS LOS ODONTOLOGOS
[2023-04-0121:12:47] [ DEBUG] [OdontologoService:95] MOSTRANDO TODOS LOS ODONTOLOGOS
[2023-04-0121:13:21] [ DEBUG] [OdontologoService:95] MOSTRANDO TODOS LOS ODONTOLOGOS
[2023-04-0121:13:31] [ DEBUG] [OdontologoService:95] MOSTRANDO TODOS LOS ODONTOLOGOS
[2023-04-0121:17:42] [ DEBUG] [OdontologoService:95] MOSTRANDO TODOS LOS ODONTOLOGOS
[2023-04-0121:17:51] [ DEBUG] [OdontologoService:95] MOSTRANDO TODOS LOS ODONTOLOGOS
[2023-04-0121:17:52] [ DEBUG] [OdontologoService:95] MOSTRANDO TODOS LOS ODONTOLOGOS
[2023-04-0121:17:54] [ DEBUG] [OdontologoService:95] MOSTRANDO TODOS LOS ODONTOLOGOS
[2023-04-0121:23:21] [ DEBUG] [OdontologoService:95] MOSTRANDO TODOS LOS ODONTOLOGOS
[2023-04-0121:34:50] [ DEBUG] [OdontologoService:95] MOSTRANDO TODOS LOS ODONTOLOGOS
[2023-04-0121:35:15] [ DEBUG] [OdontologoService:95] MOSTRANDO TODOS LOS ODONTOLOGOS
[2023-04-0121:35:34] [ DEBUG] [OdontologoService:95] MOSTRANDO TODOS LOS ODONTOLOGOS
[2023-04-0121:36:21] [ DEBUG] [OdontologoService:95] MOSTRANDO TODOS LOS ODONTOLOGOS
[2023-04-0121:37:16] [ DEBUG] [OdontologoService:95] MOSTRANDO TODOS LOS ODONTOLOGOS
[2023-04-0121:37:33] [ DEBUG] [OdontologoService:79] ELIMINADO ODONTOLOGO CON ID: 13
[2023-04-0121:37:53] [ DEBUG] [OdontologoService:95] MOSTRANDO TODOS LOS ODONTOLOGOS
[2023-04-0121:39:19] [ DEBUG] [OdontologoService:95] MOSTRANDO TODOS LOS ODONTOLOGOS
[2023-04-0121:39:31] [ DEBUG] [OdontologoService:95] MOSTRANDO TODOS LOS ODONTOLOGOS
[2023-04-0121:39:42] [ DEBUG] [OdontologoService:95] MOSTRANDO TODOS LOS ODONTOLOGOS
[2023-04-0121:41:45] [ DEBUG] [OdontologoService:95] MOSTRANDO TODOS LOS ODONTOLOGOS
[2023-04-0121:42:39] [ DEBUG] [OdontologoService:95] MOSTRANDO TODOS LOS ODONTOLOGOS
[2023-04-0121:47:00] [ DEBUG] [OdontologoService:95] MOSTRANDO TODOS LOS ODONTOLOGOS
[2023-04-0121:47:03] [ DEBUG] [OdontologoService:95] MOSTRANDO TODOS LOS ODONTOLOGOS
[2023-04-0121:47:17] [ DEBUG] [OdontologoService:95] MOSTRANDO TODOS LOS ODONTOLOGOS
[2023-04-0121:47:30] [ DEBUG] [OdontologoService:95] MOSTRANDO TODOS LOS ODONTOLOGOS
[2023-04-0121:47:35] [ DEBUG] [OdontologoService:95] MOSTRANDO TODOS LOS ODONTOLOGOS
[2023-04-0121:47:39] [ DEBUG] [OdontologoService:95] MOSTRANDO TODOS LOS ODONTOLOGOS
[2023-04-0121:47:42] [ DEBUG] [OdontologoService:95] MOSTRANDO TODOS LOS ODONTOLOGOS
[2023-04-0121:49:40] [ DEBUG] [OdontologoService:95] MOSTRANDO TODOS LOS ODONTOLOGOS
[2023-04-0121:49:52] [ DEBUG] [OdontologoService:95] MOSTRANDO TODOS LOS ODONTOLOGOS
[2023-04-0121:50:28] [ DEBUG] [OdontologoService:95] MOSTRANDO TODOS LOS ODONTOLOGOS
[2023-04-0121:50:42] [ DEBUG] [OdontologoService:79] ELIMINADO ODONTOLOGO CON ID: 7
[2023-04-0121:50:52] [ DEBUG] [OdontologoService:95] MOSTRANDO TODOS LOS ODONTOLOGOS
[2023-04-0122:00:05] [ DEBUG] [OdontologoService:95] MOSTRANDO TODOS LOS ODONTOLOGOS
[2023-04-0122:00:30] [ DEBUG] [OdontologoService:95] MOSTRANDO TODOS LOS ODONTOLOGOS
[2023-04-0122:01:43] [ DEBUG] [OdontologoService:95] MOSTRANDO TODOS LOS ODONTOLOGOS
[2023-04-0122:02:04] [ DEBUG] [OdontologoService:95] MOSTRANDO TODOS LOS ODONTOLOGOS
[2023-04-0122:02:28] [ DEBUG] [OdontologoService:95] MOSTRANDO TODOS LOS ODONTOLOGOS
[2023-04-0122:02:33] [ DEBUG] [OdontologoService:79] ELIMINADO ODONTOLOGO CON ID: 8
[2023-04-0122:08:34] [ DEBUG] [OdontologoService:95] MOSTRANDO TODOS LOS ODONTOLOGOS
[2023-04-0122:08:40] [ DEBUG] [OdontologoService:46] BUSCANDO ODONTOLOGO CON ID: 12
[2023-04-0122:09:04] [ DEBUG] [OdontologoService:66] MODIFICANDO ODONTOLOGO
[2023-04-0122:09:04] [ DEBUG] [OdontologoService:56] GGUARDANO UN ODONTOLOGO
[2023-04-0122:09:04] [ DEBUG] [OdontologoService:95] MOSTRANDO TODOS LOS ODONTOLOGOS
[2023-04-0122:09:15] [ DEBUG] [OdontologoService:79] ELIMINADO ODONTOLOGO CON ID: 12
[2023-04-0122:09:22] [ DEBUG] [OdontologoService:95] MOSTRANDO TODOS LOS ODONTOLOGOS
[2023-04-0122:09:43] [ DEBUG] [OdontologoService:95] MOSTRANDO TODOS LOS ODONTOLOGOS
[2023-04-0122:09:44] [ DEBUG] [OdontologoService:95] MOSTRANDO TODOS LOS ODONTOLOGOS
[2023-04-0212:07:38] [ DEBUG] [PacienteService:45] BUSCANDO PACIENTE CON ID: 15
[2023-04-0212:08:08] [ DEBUG] [OdontologoService:46] BUSCANDO ODONTOLOGO CON ID: 15
[2023-04-0212:12:42] [ DEBUG] [OdontologoService:46] BUSCANDO ODONTOLOGO CON ID: 15
[2023-04-0212:13:46] [ DEBUG] [OdontologoService:46] BUSCANDO ODONTOLOGO CON ID: 15
[2023-04-0212:13:53] [ DEBUG] [OdontologoService:46] BUSCANDO ODONTOLOGO CON ID: 10
[2023-04-0212:14:18] [ DEBUG] [PacienteService:92] Listando todos los pacientes
[2023-04-0212:14:51] [ DEBUG] [OdontologoService:95] MOSTRANDO TODOS LOS ODONTOLOGOS
[2023-04-0212:24:18] [ DEBUG] [OdontologoService:95] MOSTRANDO TODOS LOS ODONTOLOGOS
[2023-04-0213:21:21] [ DEBUG] [OdontologoService:95] MOSTRANDO TODOS LOS ODONTOLOGOS
[2023-04-0213:21:24] [ DEBUG] [OdontologoService:95] MOSTRANDO TODOS LOS ODONTOLOGOS
[2023-04-0213:21:36] [ DEBUG] [OdontologoService:38] CREANDO ODONTOLOGO....
[2023-04-0213:21:39] [ DEBUG] [OdontologoService:95] MOSTRANDO TODOS LOS ODONTOLOGOS
[2023-04-0213:21:51] [ DEBUG] [OdontologoService:95] MOSTRANDO TODOS LOS ODONTOLOGOS
[2023-04-0213:22:13] [ DEBUG] [OdontologoService:95] MOSTRANDO TODOS LOS ODONTOLOGOS
[2023-04-0213:22:39] [ DEBUG] [OdontologoService:38] CREANDO ODONTOLOGO....
[2023-04-0213:22:41] [ DEBUG] [OdontologoService:95] MOSTRANDO TODOS LOS ODONTOLOGOS
[2023-04-0213:22:45] [ DEBUG] [OdontologoService:95] MOSTRANDO TODOS LOS ODONTOLOGOS
[2023-04-0213:22:55] [ DEBUG] [OdontologoService:95] MOSTRANDO TODOS LOS ODONTOLOGOS
[2023-04-0213:23:10] [ DEBUG] [OdontologoService:95] MOSTRANDO TODOS LOS ODONTOLOGOS
[2023-04-0213:23:30] [ DEBUG] [OdontologoService:46] BUSCANDO ODONTOLOGO CON ID: 14
[2023-04-0213:23:51] [ DEBUG] [OdontologoService:66] MODIFICANDO ODONTOLOGO
[2023-04-0213:23:51] [ DEBUG] [OdontologoService:56] GGUARDANO UN ODONTOLOGO
[2023-04-0213:23:51] [ DEBUG] [OdontologoService:95] MOSTRANDO TODOS LOS ODONTOLOGOS
[2023-04-0213:45:13] [ DEBUG] [OdontologoService:38] CREANDO ODONTOLOGO....
[2023-04-0213:45:20] [ DEBUG] [OdontologoService:95] MOSTRANDO TODOS LOS ODONTOLOGOS
[2023-04-0213:45:22] [ DEBUG] [OdontologoService:95] MOSTRANDO TODOS LOS ODONTOLOGOS
[2023-04-0213:46:04] [ DEBUG] [OdontologoService:95] MOSTRANDO TODOS LOS ODONTOLOGOS
[2023-04-0220:44:53] [ DEBUG] [OdontologoServiceTest:24] Creando un Odontologo desde el Test
[2023-04-0220:44:53] [ DEBUG] [OdontologoService:38] CREANDO ODONTOLOGO....
[2023-04-0220:45:45] [ DEBUG] [PacienteServiceTest:27] Creando un Paciente desde el Test
[2023-04-0220:45:45] [ DEBUG] [PacienteService:39] CREANDO UN PACIENTE....
[2023-04-0220:45:45] [ DEBUG] [PacienteService:57] GUARDANDO UN PACIENTE
[2023-04-0319:15:43] [ DEBUG] [OdontologoService:95] MOSTRANDO TODOS LOS ODONTOLOGOS
[2023-04-0321:23:23] [ DEBUG] [OdontologoService:95] MOSTRANDO TODOS LOS ODONTOLOGOS
[2023-04-0321:23:28] [ DEBUG] [OdontologoService:95] MOSTRANDO TODOS LOS ODONTOLOGOS
[2023-04-0321:23:29] [ DEBUG] [OdontologoService:95] MOSTRANDO TODOS LOS ODONTOLOGOS
[2023-04-0321:23:34] [ DEBUG] [OdontologoService:95] MOSTRANDO TODOS LOS ODONTOLOGOS
[2023-04-0321:23:42] [ DEBUG] [OdontologoService:95] MOSTRANDO TODOS LOS ODONTOLOGOS
[2023-04-0321:24:10] [ DEBUG] [OdontologoService:38] CREANDO ODONTOLOGO....
[2023-04-0321:24:12] [ DEBUG] [OdontologoService:95] MOSTRANDO TODOS LOS ODONTOLOGOS
[2023-04-0321:24:14] [ DEBUG] [OdontologoService:95] MOSTRANDO TODOS LOS ODONTOLOGOS
[2023-04-0415:36:48] [ DEBUG] [OdontologoServiceTest:23] Creando un Odontologo desde el Test
[2023-04-0415:36:48] [ DEBUG] [OdontologoService:38] CREANDO ODONTOLOGO....
[2023-04-0415:37:30] [ DEBUG] [PacienteServiceTest:26] Creando un Paciente desde el Test
[2023-04-0415:37:30] [ DEBUG] [PacienteService:37] CREANDO UN PACIENTE....
[2023-04-0415:37:30] [ DEBUG] [PacienteService:55] GUARDANDO UN PACIENTE
[2023-04-0415:37:30] [ DEBUG] [PacienteServiceTest:43] Eliminando un Paciente
[2023-04-0415:38:18] [ DEBUG] [PacienteServiceTest:26] Creando un Paciente desde el Test
[2023-04-0415:38:18] [ DEBUG] [PacienteService:37] CREANDO UN PACIENTE....
[2023-04-0415:38:18] [ DEBUG] [PacienteService:55] GUARDANDO UN PACIENTE
[2023-04-0415:39:07] [ DEBUG] [PacienteServiceTest:26] Creando un Paciente desde el Test
[2023-04-0415:39:07] [ DEBUG] [PacienteService:37] CREANDO UN PACIENTE....
[2023-04-0415:39:07] [ DEBUG] [PacienteService:55] GUARDANDO UN PACIENTE
[2023-04-0415:40:03] [ DEBUG] [OdontologoServiceTest:23] Creando un Odontologo desde el Test
[2023-04-0415:40:03] [ DEBUG] [OdontologoService:38] CREANDO ODONTOLOGO....
[2023-04-0415:42:19] [ DEBUG] [OdontologoService:38] CREANDO ODONTOLOGO....
[2023-04-0415:42:21] [ DEBUG] [OdontologoService:95] MOSTRANDO TODOS LOS ODONTOLOGOS
[2023-04-0417:18:30] [ DEBUG] [DomicilioServiceTest:27] Creando un domicilio desde el Test
[2023-04-0417:18:30] [ DEBUG] [DomicilioService:41] CREANDO DOMICILIO....
[2023-04-0417:19:03] [ DEBUG] [DomicilioServiceTest:27] Creando un domicilio desde el Test
[2023-04-0417:19:03] [ DEBUG] [DomicilioService:41] CREANDO DOMICILIO....
[2023-04-0417:19:41] [ DEBUG] [DomicilioServiceTest:27] Creando un domicilio desde el Test
[2023-04-0417:19:41] [ DEBUG] [DomicilioService:41] CREANDO DOMICILIO....
[2023-04-0417:20:45] [ DEBUG] [OdontologoServiceTest:23] Creando un Odontologo desde el Test
[2023-04-0417:20:45] [ DEBUG] [OdontologoService:38] CREANDO ODONTOLOGO....
[2023-04-0417:21:43] [ DEBUG] [PacienteServiceTest:26] Creando un Paciente desde el Test
[2023-04-0417:21:43] [ DEBUG] [PacienteService:37] CREANDO UN PACIENTE....
[2023-04-0417:21:43] [ DEBUG] [PacienteService:55] GUARDANDO UN PACIENTE
[2023-04-0418:24:29] [ DEBUG] [TurnoServiceTest:26] Creando un turno desde el Test
[2023-04-0418:24:29] [ DEBUG] [TurnoService:40] CREANDO UN TURNO....
[2023-04-0418:25:16] [ DEBUG] [TurnoServiceTest:26] Creando un turno desde el Test
[2023-04-0418:25:16] [ DEBUG] [TurnoService:40] CREANDO UN TURNO....
[2023-04-0418:26:22] [ DEBUG] [OdontologoService:38] CREANDO ODONTOLOGO....
[2023-04-0418:26:23] [ DEBUG] [OdontologoService:95] MOSTRANDO TODOS LOS ODONTOLOGOS
[2023-04-0418:26:27] [ DEBUG] [OdontologoService:95] MOSTRANDO TODOS LOS ODONTOLOGOS
[2023-04-0418:27:21] [ DEBUG] [OdontologoService:95] MOSTRANDO TODOS LOS ODONTOLOGOS
[2023-04-0418:27:34] [ DEBUG] [PacienteService:92] Listando todos los pacientes
[2023-04-0418:39:35] [ DEBUG] [PacienteService:92] Listando todos los pacientes
[2023-04-0418:40:47] [ DEBUG] [DomicilioService:99] Listando todos domicilios
[2023-04-0418:41:19] [ DEBUG] [DomicilioService:50] BUSCANDO PACIENTE CON ID: 1
[2023-04-0418:41:34] [ DEBUG] [OdontologoService:95] MOSTRANDO TODOS LOS ODONTOLOGOS
[2023-04-0418:43:55] [ DEBUG] [PacienteServiceTest:43] Eliminando un Paciente
[2023-04-0418:43:55] [ DEBUG] [PacienteService:76] Eliminando el paciente con id: 1
[2023-04-0420:15:28] [ DEBUG] [OdontologoServiceTest:23] Creando un Odontologo desde el Test
[2023-04-0420:15:28] [ DEBUG] [OdontologoService:38] CREANDO ODONTOLOGO....
[2023-04-0420:17:13] [ DEBUG] [OdontologoService:95] MOSTRANDO TODOS LOS ODONTOLOGOS
[2023-04-0420:17:16] [ DEBUG] [OdontologoService:95] MOSTRANDO TODOS LOS ODONTOLOGOS
[2023-04-0616:31:07] [ DEBUG] [OdontologoService:38] CREANDO ODONTOLOGO....
[2023-04-0616:31:09] [ DEBUG] [OdontologoService:95] MOSTRANDO TODOS LOS ODONTOLOGOS
[2023-04-0618:40:49] [ DEBUG] [OdontologoServiceTest:23] Creando un Odontologo desde el Test
[2023-04-0618:40:49] [ DEBUG] [OdontologoService:38] CREANDO ODONTOLOGO....
[2023-04-0618:41:18] [ DEBUG] [OdontologoServiceTest:23] Creando un Odontologo desde el Test
[2023-04-0618:41:18] [ DEBUG] [OdontologoService:38] CREANDO ODONTOLOGO....
[2023-04-0618:41:45] [ DEBUG] [PacienteServiceTest:26] Creando un Paciente desde el Test
[2023-04-0618:41:45] [ DEBUG] [PacienteService:37] CREANDO UN PACIENTE....
[2023-04-0618:41:45] [ DEBUG] [PacienteService:55] GUARDANDO UN PACIENTE
[2023-04-0618:42:23] [ DEBUG] [PacienteServiceTest:26] Creando un Paciente desde el Test
[2023-04-0618:42:23] [ DEBUG] [PacienteService:37] CREANDO UN PACIENTE....
[2023-04-0618:42:23] [ DEBUG] [PacienteService:55] GUARDANDO UN PACIENTE
[2023-04-0618:42:53] [ DEBUG] [PacienteServiceTest:26] Creando un Paciente desde el Test
[2023-04-0618:42:53] [ DEBUG] [PacienteService:37] CREANDO UN PACIENTE....
[2023-04-0618:42:53] [ DEBUG] [PacienteService:55] GUARDANDO UN PACIENTE
[2023-04-0618:44:11] [ DEBUG] [DomicilioServiceTest:27] Creando un domicilio desde el Test
[2023-04-0618:44:11] [ DEBUG] [DomicilioService:41] CREANDO DOMICILIO....
[2023-04-0618:44:40] [ DEBUG] [DomicilioServiceTest:27] Creando un domicilio desde el Test
[2023-04-0618:44:40] [ DEBUG] [DomicilioService:41] CREANDO DOMICILIO....
[2023-04-0618:45:32] [ DEBUG] [DomicilioServiceTest:27] Creando un domicilio desde el Test
[2023-04-0618:45:32] [ DEBUG] [DomicilioService:41] CREANDO DOMICILIO....
[2023-04-0618:49:00] [ DEBUG] [PacienteService:92] Listando todos los pacientes
[2023-04-0618:52:40] [ DEBUG] [PacienteService:92] Listando todos los pacientes
[2023-04-0618:54:09] [ DEBUG] [DomicilioService:50] BUSCANDO PACIENTE CON ID: 1
[2023-04-0618:54:34] [ DEBUG] [TurnoService:47] BUSCANDO UN TURNO CON ID: 1
[2023-04-0618:55:14] [ DEBUG] [TurnoService:47] BUSCANDO UN TURNO CON ID: 1
[2023-04-0618:55:29] [ DEBUG] [TurnoService:47] BUSCANDO UN TURNO CON ID: 1
[2023-04-0618:56:07] [ DEBUG] [TurnoServiceTest:26] Creando un turno desde el Test
[2023-04-0618:56:07] [ DEBUG] [TurnoService:38] CREANDO UN TURNO....
[2023-04-0618:56:44] [ DEBUG] [TurnoServiceTest:26] Creando un turno desde el Test
[2023-04-0618:56:44] [ DEBUG] [TurnoService:38] CREANDO UN TURNO....
[2023-04-0618:58:34] [ DEBUG] [OdontologoService:95] MOSTRANDO TODOS LOS ODONTOLOGOS
[2023-04-0619:09:38] [ DEBUG] [OdontologoService:95] MOSTRANDO TODOS LOS ODONTOLOGOS
[2023-04-0619:17:48] [ DEBUG] [PacienteService:92] Listando todos los pacientes
[2023-04-0619:18:06] [ DEBUG] [OdontologoService:95] MOSTRANDO TODOS LOS ODONTOLOGOS
[2023-04-0619:36:31] [ DEBUG] [DomicilioService:99] Listando todos domicilios
[2023-04-0620:20:46] [ DEBUG] [OdontologoServiceTest:23] Creando un Odontologo desde el Test
[2023-04-0620:20:46] [ DEBUG] [OdontologoService:38] CREANDO ODONTOLOGO....
[2023-04-0620:21:23] [ DEBUG] [OdontologoServiceTest:23] Creando un Odontologo desde el Test
[2023-04-0620:21:23] [ DEBUG] [OdontologoService:38] CREANDO ODONTOLOGO....
[2023-04-0620:21:49] [ DEBUG] [OdontologoServiceTest:23] Creando un Odontologo desde el Test
[2023-04-0620:21:49] [ DEBUG] [OdontologoService:38] CREANDO ODONTOLOGO....
[2023-04-0620:22:06] [ DEBUG] [PacienteServiceTest:26] Creando un Paciente desde el Test
[2023-04-0620:22:06] [ DEBUG] [PacienteService:37] CREANDO UN PACIENTE....
[2023-04-0620:22:06] [ DEBUG] [PacienteService:55] GUARDANDO UN PACIENTE
[2023-04-0620:22:52] [ DEBUG] [PacienteServiceTest:26] Creando un Paciente desde el Test
[2023-04-0620:22:52] [ DEBUG] [PacienteService:37] CREANDO UN PACIENTE....
[2023-04-0620:22:52] [ DEBUG] [PacienteService:55] GUARDANDO UN PACIENTE
[2023-04-0620:23:08] [ DEBUG] [DomicilioServiceTest:27] Creando un domicilio desde el Test
[2023-04-0620:23:08] [ DEBUG] [DomicilioService:41] CREANDO DOMICILIO....
[2023-04-0620:24:30] [ DEBUG] [DomicilioServiceTest:27] Creando un domicilio desde el Test
[2023-04-0620:24:30] [ DEBUG] [DomicilioService:41] CREANDO DOMICILIO....
[2023-04-0620:24:57] [ DEBUG] [TurnoServiceTest:26] Creando un turno desde el Test
[2023-04-0620:24:57] [ DEBUG] [TurnoService:38] CREANDO UN TURNO....
[2023-04-0620:28:00] [ DEBUG] [OdontologoService:95] MOSTRANDO TODOS LOS ODONTOLOGOS
[2023-04-0620:28:17] [ DEBUG] [PacienteService:92] Listando todos los pacientes
[2023-04-0620:28:30] [ DEBUG] [DomicilioService:99] Listando todos domicilios
[2023-04-0620:30:25] [ DEBUG] [OdontologoService:95] MOSTRANDO TODOS LOS ODONTOLOGOS
[2023-04-0620:31:14] [ DEBUG] [TurnoService:95] Listando todos domicilios
[2023-04-0620:34:16] [ DEBUG] [TurnoService:95] Listando todos domicilios
[2023-04-0620:35:16] [ DEBUG] [TurnoService:95] Listando todos domicilios
[2023-04-0620:41:45] [ DEBUG] [TurnoService:95] Listando todos domicilios
[2023-04-0620:46:52] [ DEBUG] [TurnoService:95] Listando todos domicilios
[2023-04-0620:55:59] [ DEBUG] [DomicilioService:99] Listando todos domicilios
[2023-04-0620:56:28] [ DEBUG] [TurnoService:38] CREANDO UN TURNO....
[2023-04-0620:56:37] [ DEBUG] [TurnoService:38] CREANDO UN TURNO....
[2023-04-0620:57:13] [ DEBUG] [TurnoService:95] Listando todos domicilios
[2023-04-0621:03:45] [ DEBUG] [OdontologoService:95] MOSTRANDO TODOS LOS ODONTOLOGOS
[2023-04-0621:05:00] [ DEBUG] [OdontologoService:66] MODIFICANDO ODONTOLOGO
[2023-04-0621:05:00] [ DEBUG] [OdontologoService:56] GGUARDANO UN ODONTOLOGO
[2023-04-0621:05:13] [ DEBUG] [OdontologoService:46] BUSCANDO ODONTOLOGO CON ID: 3
[2023-04-0621:05:20] [ DEBUG] [OdontologoService:95] MOSTRANDO TODOS LOS ODONTOLOGOS
[2023-04-0621:06:22] [ DEBUG] [OdontologoServiceTest:23] Creando un Odontologo desde el Test
[2023-04-0621:06:22] [ DEBUG] [OdontologoService:38] CREANDO ODONTOLOGO....
[2023-04-0621:06:47] [ DEBUG] [OdontologoServiceTest:23] Creando un Odontologo desde el Test
[2023-04-0621:06:47] [ DEBUG] [OdontologoService:38] CREANDO ODONTOLOGO....
[2023-04-0621:07:13] [ DEBUG] [PacienteServiceTest:26] Creando un Paciente desde el Test
[2023-04-0621:07:13] [ DEBUG] [PacienteService:37] CREANDO UN PACIENTE....
[2023-04-0621:07:13] [ DEBUG] [PacienteService:55] GUARDANDO UN PACIENTE
[2023-04-0621:07:40] [ DEBUG] [PacienteServiceTest:26] Creando un Paciente desde el Test
[2023-04-0621:07:40] [ DEBUG] [PacienteService:37] CREANDO UN PACIENTE....
[2023-04-0621:07:40] [ DEBUG] [PacienteService:55] GUARDANDO UN PACIENTE
[2023-04-0621:09:12] [ DEBUG] [TurnoService:95] Listando todos domicilios
[2023-04-0621:10:46] [ DEBUG] [TurnoService:38] CREANDO UN TURNO....
[2023-04-0621:11:14] [ DEBUG] [TurnoService:95] Listando todos domicilios
[2023-04-0621:21:31] [ DEBUG] [TurnoService:95] Listando todos domicilios
[2023-04-0710:57:00] [ DEBUG] [OdontologoService:95] MOSTRANDO TODOS LOS ODONTOLOGOS
[2023-04-0710:57:01] [ DEBUG] [OdontologoService:95] MOSTRANDO TODOS LOS ODONTOLOGOS
[2023-04-0710:57:05] [ DEBUG] [OdontologoService:95] MOSTRANDO TODOS LOS ODONTOLOGOS
[2023-04-0711:20:58] [ DEBUG] [OdontologoService:95] MOSTRANDO TODOS LOS ODONTOLOGOS
[2023-04-0711:51:58] [ DEBUG] [OdontologoService:95] MOSTRANDO TODOS LOS ODONTOLOGOS
[2023-04-0711:51:59] [ DEBUG] [OdontologoService:95] MOSTRANDO TODOS LOS ODONTOLOGOS
[2023-04-0712:02:32] [ DEBUG] [PacienteService:37] CREANDO UN PACIENTE....
[2023-04-0712:02:32] [ DEBUG] [PacienteService:55] GUARDANDO UN PACIENTE
[2023-04-0712:14:58] [ DEBUG] [OdontologoService:95] MOSTRANDO TODOS LOS ODONTOLOGOS
[2023-04-0716:06:51] [ DEBUG] [OdontologoService:95] MOSTRANDO TODOS LOS ODONTOLOGOS
[2023-04-0716:07:21] [ DEBUG] [PacienteService:37] CREANDO UN PACIENTE....
[2023-04-0716:07:21] [ DEBUG] [PacienteService:55] GUARDANDO UN PACIENTE
[2023-04-0716:30:00] [ DEBUG] [PacienteService:37] CREANDO UN PACIENTE....
[2023-04-0716:30:00] [ DEBUG] [PacienteService:55] GUARDANDO UN PACIENTE
[2023-04-0716:30:02] [ DEBUG] [PacienteService:92] Listando todos los pacientes
[2023-04-0716:36:23] [ DEBUG] [PacienteService:37] CREANDO UN PACIENTE....
[2023-04-0716:36:23] [ DEBUG] [PacienteService:55] GUARDANDO UN PACIENTE
[2023-04-0716:36:25] [ DEBUG] [PacienteService:92] Listando todos los pacientes
[2023-04-0716:38:10] [ DEBUG] [PacienteService:92] Listando todos los pacientes
[2023-04-0716:39:49] [ DEBUG] [PacienteService:92] Listando todos los pacientes
[2023-04-0716:41:17] [ DEBUG] [PacienteService:92] Listando todos los pacientes
[2023-04-0716:42:09] [ DEBUG] [PacienteService:92] Listando todos los pacientes
[2023-04-0716:53:15] [ DEBUG] [PacienteService:92] Listando todos los pacientes
[2023-04-0717:19:19] [ DEBUG] [PacienteService:92] Listando todos los pacientes
[2023-04-0719:18:16] [ DEBUG] [PacienteService:37] CREANDO UN PACIENTE....
[2023-04-0719:18:16] [ DEBUG] [PacienteService:55] GUARDANDO UN PACIENTE
[2023-04-0719:18:18] [ DEBUG] [PacienteService:92] Listando todos los pacientes
[2023-04-0719:18:30] [ DEBUG] [PacienteService:92] Listando todos los pacientes
[2023-04-0719:18:40] [ DEBUG] [PacienteService:45] BUSCANDO PACIENTE CON ID: 1
[2023-04-0719:18:50] [ DEBUG] [OdontologoService:95] MOSTRANDO TODOS LOS ODONTOLOGOS
[2023-04-0719:18:51] [ DEBUG] [OdontologoService:95] MOSTRANDO TODOS LOS ODONTOLOGOS
[2023-04-0719:22:19] [ DEBUG] [PacienteService:92] Listando todos los pacientes
[2023-04-0719:22:29] [ DEBUG] [PacienteService:45] BUSCANDO PACIENTE CON ID: 7
[2023-04-0719:22:59] [ DEBUG] [PacienteService:66] MODOFICANDO UN PACIENTE
[2023-04-0719:22:59] [ DEBUG] [PacienteService:55] GUARDANDO UN PACIENTE
[2023-04-0719:22:59] [ DEBUG] [PacienteService:92] Listando todos los pacientes
[2023-04-0719:23:10] [ DEBUG] [PacienteService:45] BUSCANDO PACIENTE CON ID: 7
[2023-04-0719:23:36] [ DEBUG] [PacienteService:66] MODOFICANDO UN PACIENTE
[2023-04-0719:23:36] [ DEBUG] [PacienteService:55] GUARDANDO UN PACIENTE
[2023-04-0719:23:36] [ DEBUG] [PacienteService:92] Listando todos los pacientes
[2023-04-0719:25:57] [ DEBUG] [PacienteService:92] Listando todos los pacientes
[2023-04-0719:26:04] [ DEBUG] [PacienteService:45] BUSCANDO PACIENTE CON ID: 8
[2023-04-0719:26:25] [ DEBUG] [PacienteService:66] MODOFICANDO UN PACIENTE
[2023-04-0719:26:25] [ DEBUG] [PacienteService:55] GUARDANDO UN PACIENTE
[2023-04-0719:26:26] [ DEBUG] [PacienteService:92] Listando todos los pacientes
[2023-04-0719:26:35] [ DEBUG] [PacienteService:45] BUSCANDO PACIENTE CON ID: 6
[2023-04-0719:26:56] [ DEBUG] [PacienteService:92] Listando todos los pacientes
[2023-04-0719:27:34] [ DEBUG] [PacienteService:37] CREANDO UN PACIENTE....
[2023-04-0719:27:34] [ DEBUG] [PacienteService:55] GUARDANDO UN PACIENTE
[2023-04-0719:27:36] [ DEBUG] [PacienteService:92] Listando todos los pacientes
